E:\SCHOOL\EGC\TEMA1\LAB2\LAB2_EX1_V2\LAB2\DEBUG\DRAWINGWINDOW.OBJ
E:\SCHOOL\EGC\TEMA1\LAB2\LAB2_EX1_V2\LAB2\DEBUG\TRANSFORM2D.OBJ
E:\SCHOOL\EGC\TEMA1\LAB2\LAB2_EX1_V2\LAB2\DEBUG\VISUAL2D.OBJ
E:\SCHOOL\EGC\TEMA1\LAB2\LAB2_EX1_V2\LAB2\DEBUG\MAIN.OBJ
E:\SCHOOL\EGC\TEMA1\LAB2\LAB2_EX1_V2\LAB2\DEBUG\OPPONENTS.OBJ
E:\SCHOOL\EGC\TEMA1\LAB2\LAB2_EX1_V2\LAB2\DEBUG\VC110.PDB
E:\SCHOOL\EGC\TEMA1\LAB2\LAB2_EX1_V2\DEBUG\LAB2.ILK
E:\SCHOOL\EGC\TEMA1\LAB2\LAB2_EX1_V2\DEBUG\LAB2.EXE
E:\SCHOOL\EGC\TEMA1\LAB2\LAB2_EX1_V2\DEBUG\LAB2.PDB
E:\school\EGC\tema1\lab2\lab2_ex1_v2\lab2\Debug\DrawingWindow.obj
E:\school\EGC\tema1\lab2\lab2_ex1_v2\lab2\Debug\main.obj
E:\school\EGC\tema1\lab2\lab2_ex1_v2\lab2\Debug\Opponents.obj
E:\school\EGC\tema1\lab2\lab2_ex1_v2\lab2\Debug\Transform2D.obj
E:\school\EGC\tema1\lab2\lab2_ex1_v2\lab2\Debug\Visual2D.obj
E:\school\EGC\tema1\lab2\lab2_ex1_v2\lab2\Debug\cl.command.1.tlog
E:\school\EGC\tema1\lab2\lab2_ex1_v2\lab2\Debug\CL.read.1.tlog
E:\school\EGC\tema1\lab2\lab2_ex1_v2\lab2\Debug\CL.write.1.tlog
E:\school\EGC\tema1\lab2\lab2_ex1_v2\lab2\Debug\link-cvtres.read.1.tlog
E:\school\EGC\tema1\lab2\lab2_ex1_v2\lab2\Debug\link-cvtres.write.1.tlog
E:\school\EGC\tema1\lab2\lab2_ex1_v2\lab2\Debug\link-rc.read.1.tlog
E:\school\EGC\tema1\lab2\lab2_ex1_v2\lab2\Debug\link-rc.write.1.tlog
E:\school\EGC\tema1\lab2\lab2_ex1_v2\lab2\Debug\link.1256-cvtres.read.1.tlog
E:\school\EGC\tema1\lab2\lab2_ex1_v2\lab2\Debug\link.1256-cvtres.write.1.tlog
E:\school\EGC\tema1\lab2\lab2_ex1_v2\lab2\Debug\link.1256-rc.read.1.tlog
E:\school\EGC\tema1\lab2\lab2_ex1_v2\lab2\Debug\link.1256-rc.write.1.tlog
E:\school\EGC\tema1\lab2\lab2_ex1_v2\lab2\Debug\link.1256.read.1.tlog
E:\school\EGC\tema1\lab2\lab2_ex1_v2\lab2\Debug\link.1256.write.1.tlog
E:\school\EGC\tema1\lab2\lab2_ex1_v2\lab2\Debug\link.2276-cvtres.read.1.tlog
E:\school\EGC\tema1\lab2\lab2_ex1_v2\lab2\Debug\link.2276-cvtres.write.1.tlog
E:\school\EGC\tema1\lab2\lab2_ex1_v2\lab2\Debug\link.2276-rc.read.1.tlog
E:\school\EGC\tema1\lab2\lab2_ex1_v2\lab2\Debug\link.2276-rc.write.1.tlog
E:\school\EGC\tema1\lab2\lab2_ex1_v2\lab2\Debug\link.2276.read.1.tlog
E:\school\EGC\tema1\lab2\lab2_ex1_v2\lab2\Debug\link.2276.write.1.tlog
E:\school\EGC\tema1\lab2\lab2_ex1_v2\lab2\Debug\link.2756-cvtres.read.1.tlog
E:\school\EGC\tema1\lab2\lab2_ex1_v2\lab2\Debug\link.2756-cvtres.write.1.tlog
E:\school\EGC\tema1\lab2\lab2_ex1_v2\lab2\Debug\link.2756-rc.read.1.tlog
E:\school\EGC\tema1\lab2\lab2_ex1_v2\lab2\Debug\link.2756-rc.write.1.tlog
E:\school\EGC\tema1\lab2\lab2_ex1_v2\lab2\Debug\link.2756.read.1.tlog
E:\school\EGC\tema1\lab2\lab2_ex1_v2\lab2\Debug\link.2756.write.1.tlog
E:\school\EGC\tema1\lab2\lab2_ex1_v2\lab2\Debug\link.command.1.tlog
E:\school\EGC\tema1\lab2\lab2_ex1_v2\lab2\Debug\link.read.1.tlog
E:\school\EGC\tema1\lab2\lab2_ex1_v2\lab2\Debug\link.write.1.tlog
E:\school\EGC\tema1\lab2\lab2_ex1_v2\lab2\Debug\vc110.idb
E:\school\EGC\tema1\lab2\lab2_ex1_v2\lab2\Debug\vc110.pdb
E:\school\EGC\tema1\lab2\lab2_ex1_v2\Debug\lab2.pdb
E:\school\EGC\tema1\lab2\lab2_ex1_v2\Debug\lab2.exe
E:\school\EGC\tema1\lab2\lab2_ex1_v2\Debug\lab2.ilk
