Build started 11/4/2013 2:45:11 PM.
     1>Project "C:\Users\Cristina\Desktop\Necula_Cristina_334CA_Tema1EGC\lab2\lab2.vcxproj" on node 2 (Build target(s)).
     1>ClCompile:
         C:\Program Files (x86)\Microsoft Visual Studio 11.0\VC\bin\CL.exe /c /Idependente /IE:\school\EGC\tema1\lab2\lab2_ex1_v2\lab2\Framework /ZI /nologo /W3 /WX- /Od /Oy- /D _MBCS /Gm /EHsc /RTC1 /MDd /GS /fp:precise /Zc:wchar_t /Zc:forScope /Fo"Debug\\" /Fd"Debug\vc110.pdb" /Gd /TP /analyze- /errorReport:prompt Collisions.cpp Framework\DrawingWindow.cpp Framework\Transform2D.cpp Framework\Visual2D.cpp Opponents.cpp
         Opponents.cpp
     1>c:\users\cristina\desktop\necula_cristina_334ca_tema1egc\lab2\framework\object2d.h(23): warning C4018: '<' : signed/unsigned mismatch
     1>c:\users\cristina\desktop\necula_cristina_334ca_tema1egc\lab2\framework\circle2d.h(24): warning C4244: '=' : conversion from 'double' to 'float', possible loss of data
     1>c:\users\cristina\desktop\necula_cristina_334ca_tema1egc\lab2\framework\circle2d.h(48): warning C4244: '=' : conversion from 'double' to 'float', possible loss of data
     1>c:\users\cristina\desktop\necula_cristina_334ca_tema1egc\lab2\opponents.cpp(100): warning C4244: '=' : conversion from 'int' to 'float', possible loss of data
     1>c:\users\cristina\desktop\necula_cristina_334ca_tema1egc\lab2\opponents.cpp(101): warning C4244: '=' : conversion from 'int' to 'float', possible loss of data
     1>c:\users\cristina\desktop\necula_cristina_334ca_tema1egc\lab2\opponents.cpp(158): warning C4305: '+=' : truncation from 'double' to 'float'
     1>c:\users\cristina\desktop\necula_cristina_334ca_tema1egc\lab2\opponents.cpp(160): warning C4305: 'argument' : truncation from 'double' to 'float'
     1>c:\users\cristina\desktop\necula_cristina_334ca_tema1egc\lab2\opponents.cpp(211): warning C4244: '=' : conversion from 'int' to 'float', possible loss of data
     1>c:\users\cristina\desktop\necula_cristina_334ca_tema1egc\lab2\opponents.cpp(212): warning C4244: '=' : conversion from 'int' to 'float', possible loss of data
     1>c:\users\cristina\desktop\necula_cristina_334ca_tema1egc\lab2\opponents.cpp(233): warning C4305: '=' : truncation from 'double' to 'float'
     1>c:\users\cristina\desktop\necula_cristina_334ca_tema1egc\lab2\opponents.cpp(259): warning C4244: '=' : conversion from 'int' to 'float', possible loss of data
     1>c:\users\cristina\desktop\necula_cristina_334ca_tema1egc\lab2\opponents.cpp(260): warning C4244: '=' : conversion from 'int' to 'float', possible loss of data
     1>c:\users\cristina\desktop\necula_cristina_334ca_tema1egc\lab2\opponents.cpp(261): warning C4305: '+=' : truncation from 'double' to 'float'
     1>c:\users\cristina\desktop\necula_cristina_334ca_tema1egc\lab2\opponents.cpp(264): warning C4244: 'argument' : conversion from 'double' to 'float', possible loss of data
     1>c:\users\cristina\desktop\necula_cristina_334ca_tema1egc\lab2\opponents.cpp(266): warning C4244: 'argument' : conversion from 'double' to 'float', possible loss of data
         Visual2D.cpp
     1>c:\users\cristina\desktop\necula_cristina_334ca_tema1egc\lab2\framework\object2d.h(23): warning C4018: '<' : signed/unsigned mismatch
     1>c:\users\cristina\desktop\necula_cristina_334ca_tema1egc\lab2\framework\visual2d.cpp(91): warning C4244: '=' : conversion from 'float' to 'int', possible loss of data
     1>c:\users\cristina\desktop\necula_cristina_334ca_tema1egc\lab2\framework\visual2d.cpp(92): warning C4244: '=' : conversion from 'float' to 'int', possible loss of data
     1>c:\users\cristina\desktop\necula_cristina_334ca_tema1egc\lab2\framework\visual2d.cpp(93): warning C4244: '=' : conversion from 'float' to 'int', possible loss of data
     1>c:\users\cristina\desktop\necula_cristina_334ca_tema1egc\lab2\framework\visual2d.cpp(94): warning C4244: '=' : conversion from 'float' to 'int', possible loss of data
         Transform2D.cpp
     1>c:\users\cristina\desktop\necula_cristina_334ca_tema1egc\lab2\framework\object2d.h(23): warning C4018: '<' : signed/unsigned mismatch
     1>c:\users\cristina\desktop\necula_cristina_334ca_tema1egc\lab2\framework\transform2d.cpp(144): warning C4018: '<' : signed/unsigned mismatch
     1>c:\users\cristina\desktop\necula_cristina_334ca_tema1egc\lab2\framework\transform2d.cpp(168): warning C4018: '<' : signed/unsigned mismatch
         DrawingWindow.cpp
     1>c:\users\cristina\desktop\necula_cristina_334ca_tema1egc\lab2\framework\object2d.h(23): warning C4018: '<' : signed/unsigned mismatch
     1>c:\users\cristina\desktop\necula_cristina_334ca_tema1egc\lab2\framework\drawingwindow.cpp(99): warning C4018: '<' : signed/unsigned mismatch
     1>c:\users\cristina\desktop\necula_cristina_334ca_tema1egc\lab2\framework\drawingwindow.cpp(103): warning C4018: '<' : signed/unsigned mismatch
     1>c:\users\cristina\desktop\necula_cristina_334ca_tema1egc\lab2\framework\drawingwindow.cpp(163): warning C4018: '<' : signed/unsigned mismatch
     1>c:\users\cristina\desktop\necula_cristina_334ca_tema1egc\lab2\framework\drawingwindow.cpp(167): warning C4018: '<' : signed/unsigned mismatch
     1>c:\users\cristina\desktop\necula_cristina_334ca_tema1egc\lab2\framework\drawingwindow.cpp(183): warning C4018: '<' : signed/unsigned mismatch
     1>c:\users\cristina\desktop\necula_cristina_334ca_tema1egc\lab2\framework\drawingwindow.cpp(378): warning C4018: '<' : signed/unsigned mismatch
     1>c:\users\cristina\desktop\necula_cristina_334ca_tema1egc\lab2\framework\drawingwindow.cpp(395): warning C4018: '<' : signed/unsigned mismatch
     1>c:\users\cristina\desktop\necula_cristina_334ca_tema1egc\lab2\framework\drawingwindow.cpp(412): warning C4018: '<' : signed/unsigned mismatch
     1>c:\users\cristina\desktop\necula_cristina_334ca_tema1egc\lab2\framework\drawingwindow.cpp(429): warning C4018: '<' : signed/unsigned mismatch
     1>c:\users\cristina\desktop\necula_cristina_334ca_tema1egc\lab2\framework\drawingwindow.cpp(447): warning C4018: '<' : signed/unsigned mismatch
         Collisions.cpp
     1>c:\users\cristina\desktop\necula_cristina_334ca_tema1egc\lab2\framework\object2d.h(23): warning C4018: '<' : signed/unsigned mismatch
     1>c:\users\cristina\desktop\necula_cristina_334ca_tema1egc\lab2\framework\circle2d.h(24): warning C4244: '=' : conversion from 'double' to 'float', possible loss of data
     1>c:\users\cristina\desktop\necula_cristina_334ca_tema1egc\lab2\framework\circle2d.h(48): warning C4244: '=' : conversion from 'double' to 'float', possible loss of data
     1>c:\users\cristina\desktop\necula_cristina_334ca_tema1egc\lab2\collisions.cpp(147): warning C4018: '<' : signed/unsigned mismatch
     1>c:\users\cristina\desktop\necula_cristina_334ca_tema1egc\lab2\collisions.cpp(188): warning C4244: 'initializing' : conversion from 'double' to 'float', possible loss of data
         Generating Code...
         C:\Program Files (x86)\Microsoft Visual Studio 11.0\VC\bin\CL.exe /c /IE:\school\EGC\tema1\lab2\lab2_ex1_v2\lab2\Framework /Idependente /IE:\school\EGC\tema1\lab2\lab2_ex1_v2\lab2\Framework /ZI /nologo /W3 /WX- /Od /Oy- /D _MBCS /Gm /EHsc /RTC1 /MDd /GS /fp:precise /Zc:wchar_t /Zc:forScope /Fo"Debug\\" /Fd"Debug\vc110.pdb" /Gd /TP /analyze- /errorReport:prompt main.cpp
         main.cpp
     1>c:\users\cristina\desktop\necula_cristina_334ca_tema1egc\lab2\framework\object2d.h(23): warning C4018: '<' : signed/unsigned mismatch
     1>c:\users\cristina\desktop\necula_cristina_334ca_tema1egc\lab2\framework\circle2d.h(24): warning C4244: '=' : conversion from 'double' to 'float', possible loss of data
     1>c:\users\cristina\desktop\necula_cristina_334ca_tema1egc\lab2\framework\circle2d.h(48): warning C4244: '=' : conversion from 'double' to 'float', possible loss of data
     1>c:\users\cristina\desktop\necula_cristina_334ca_tema1egc\lab2\main.cpp(92): warning C4244: 'argument' : conversion from 'int' to 'float', possible loss of data
     1>c:\users\cristina\desktop\necula_cristina_334ca_tema1egc\lab2\main.cpp(93): warning C4244: 'argument' : conversion from 'int' to 'float', possible loss of data
     1>c:\users\cristina\desktop\necula_cristina_334ca_tema1egc\lab2\main.cpp(94): warning C4244: 'argument' : conversion from 'int' to 'float', possible loss of data
     1>c:\users\cristina\desktop\necula_cristina_334ca_tema1egc\lab2\main.cpp(110): warning C4244: 'argument' : conversion from 'int' to 'float', possible loss of data
     1>c:\users\cristina\desktop\necula_cristina_334ca_tema1egc\lab2\main.cpp(110): warning C4305: 'argument' : truncation from 'double' to 'float'
     1>c:\users\cristina\desktop\necula_cristina_334ca_tema1egc\lab2\main.cpp(111): warning C4244: 'argument' : conversion from 'int' to 'float', possible loss of data
     1>c:\users\cristina\desktop\necula_cristina_334ca_tema1egc\lab2\main.cpp(111): warning C4305: 'argument' : truncation from 'double' to 'float'
     1>c:\users\cristina\desktop\necula_cristina_334ca_tema1egc\lab2\main.cpp(112): warning C4244: 'argument' : conversion from 'int' to 'float', possible loss of data
     1>c:\users\cristina\desktop\necula_cristina_334ca_tema1egc\lab2\main.cpp(112): warning C4305: 'argument' : truncation from 'double' to 'float'
     1>c:\users\cristina\desktop\necula_cristina_334ca_tema1egc\lab2\main.cpp(128): warning C4244: 'argument' : conversion from 'int' to 'float', possible loss of data
     1>c:\users\cristina\desktop\necula_cristina_334ca_tema1egc\lab2\main.cpp(142): warning C4244: 'argument' : conversion from 'int' to 'float', possible loss of data
     1>c:\users\cristina\desktop\necula_cristina_334ca_tema1egc\lab2\main.cpp(202): warning C4018: '<' : signed/unsigned mismatch
     1>c:\users\cristina\desktop\necula_cristina_334ca_tema1egc\lab2\main.cpp(223): warning C4996: 'itoa': The POSIX name for this item is deprecated. Instead, use the ISO C++ conformant name: _itoa. See online help for details.
                 c:\program files (x86)\microsoft visual studio 11.0\vc\include\stdlib.h(909) : see declaration of 'itoa'
     1>c:\users\cristina\desktop\necula_cristina_334ca_tema1egc\lab2\main.cpp(292): warning C4305: '+=' : truncation from 'double' to 'float'
     1>c:\users\cristina\desktop\necula_cristina_334ca_tema1egc\lab2\main.cpp(337): warning C4305: '+=' : truncation from 'double' to 'float'
     1>c:\users\cristina\desktop\necula_cristina_334ca_tema1egc\lab2\main.cpp(350): warning C4305: '-=' : truncation from 'double' to 'float'
       Link:
         C:\Program Files (x86)\Microsoft Visual Studio 11.0\VC\bin\link.exe /ERRORREPORT:PROMPT /OUT:"C:\Users\Cristina\Desktop\Necula_Cristina_334CA_Tema1EGC\Debug\Tema1EGC.exe" /INCREMENTAL /NOLOGO /LIBPATH:dependente freeglut.lib kernel32.lib user32.lib gdi32.lib winspool.lib comdlg32.lib advapi32.lib shell32.lib ole32.lib oleaut32.lib uuid.lib odbc32.lib odbccp32.lib /MANIFEST /MANIFESTUAC:"level='asInvoker' uiAccess='false'" /manifest:embed /DEBUG /PDB:"C:\Users\Cristina\Desktop\Necula_Cristina_334CA_Tema1EGC\Debug\Tema1EGC.pdb" /TLBID:1 /DYNAMICBASE /NXCOMPAT /IMPLIB:"C:\Users\Cristina\Desktop\Necula_Cristina_334CA_Tema1EGC\Debug\Tema1EGC.lib" /MACHINE:X86 Debug\Collisions.obj
         Debug\DrawingWindow.obj
         Debug\Transform2D.obj
         Debug\Visual2D.obj
         Debug\main.obj
         Debug\Opponents.obj
         lab2.vcxproj -> C:\Users\Cristina\Desktop\Necula_Cristina_334CA_Tema1EGC\Debug\Tema1EGC.exe
     1>Done Building Project "C:\Users\Cristina\Desktop\Necula_Cristina_334CA_Tema1EGC\lab2\lab2.vcxproj" (Build target(s)).

Build succeeded.

Time Elapsed 00:00:12.88
