C:\USERS\CRISTINA\DOCUMENTS\GITHUB\TEMA1EGC\LAB2\DEBUG\COLLISION.OBJ
C:\USERS\CRISTINA\DOCUMENTS\GITHUB\TEMA1EGC\LAB2\DEBUG\DRAWINGWINDOW.OBJ
C:\USERS\CRISTINA\DOCUMENTS\GITHUB\TEMA1EGC\LAB2\DEBUG\TRANSFORM2D.OBJ
C:\USERS\CRISTINA\DOCUMENTS\GITHUB\TEMA1EGC\LAB2\DEBUG\VISUAL2D.OBJ
C:\USERS\CRISTINA\DOCUMENTS\GITHUB\TEMA1EGC\LAB2\DEBUG\OPPONENTS.OBJ
C:\USERS\CRISTINA\DOCUMENTS\GITHUB\TEMA1EGC\LAB2\DEBUG\VC110.PDB
C:\USERS\CRISTINA\DOCUMENTS\GITHUB\TEMA1EGC\LAB2\DEBUG\MAIN.OBJ
C:\USERS\CRISTINA\DOCUMENTS\GITHUB\TEMA1EGC\LAB2\DEBUG\COLLISIONS.OBJ
C:\USERS\CRISTINA\DOCUMENTS\GITHUB\TEMA1EGC\DEBUG\TEMA1EGC.ILK
C:\USERS\CRISTINA\DOCUMENTS\GITHUB\TEMA1EGC\DEBUG\TEMA1EGC.EXE
C:\USERS\CRISTINA\DOCUMENTS\GITHUB\TEMA1EGC\DEBUG\TEMA1EGC.PDB
C:\Users\Cristina\Documents\GitHub\Tema1EGC\lab2\Debug\Collision.obj
C:\Users\Cristina\Documents\GitHub\Tema1EGC\lab2\Debug\Collisions.obj
C:\Users\Cristina\Documents\GitHub\Tema1EGC\lab2\Debug\DrawingWindow.obj
C:\Users\Cristina\Documents\GitHub\Tema1EGC\lab2\Debug\Opponents.obj
C:\Users\Cristina\Documents\GitHub\Tema1EGC\lab2\Debug\Transform2D.obj
C:\Users\Cristina\Documents\GitHub\Tema1EGC\lab2\Debug\Visual2D.obj
C:\Users\Cristina\Documents\GitHub\Tema1EGC\lab2\Debug\cl.command.1.tlog
C:\Users\Cristina\Documents\GitHub\Tema1EGC\lab2\Debug\CL.read.1.tlog
C:\Users\Cristina\Documents\GitHub\Tema1EGC\lab2\Debug\CL.write.1.tlog
C:\Users\Cristina\Documents\GitHub\Tema1EGC\lab2\Debug\link-cvtres.read.1.tlog
C:\Users\Cristina\Documents\GitHub\Tema1EGC\lab2\Debug\link-cvtres.write.1.tlog
C:\Users\Cristina\Documents\GitHub\Tema1EGC\lab2\Debug\link-rc.read.1.tlog
C:\Users\Cristina\Documents\GitHub\Tema1EGC\lab2\Debug\link-rc.write.1.tlog
C:\Users\Cristina\Documents\GitHub\Tema1EGC\lab2\Debug\link.5508-cvtres.read.1.tlog
C:\Users\Cristina\Documents\GitHub\Tema1EGC\lab2\Debug\link.5508-cvtres.write.1.tlog
C:\Users\Cristina\Documents\GitHub\Tema1EGC\lab2\Debug\link.5508-rc.read.1.tlog
C:\Users\Cristina\Documents\GitHub\Tema1EGC\lab2\Debug\link.5508-rc.write.1.tlog
C:\Users\Cristina\Documents\GitHub\Tema1EGC\lab2\Debug\link.5508.read.1.tlog
C:\Users\Cristina\Documents\GitHub\Tema1EGC\lab2\Debug\link.5508.write.1.tlog
C:\Users\Cristina\Documents\GitHub\Tema1EGC\lab2\Debug\link.7036-cvtres.read.1.tlog
C:\Users\Cristina\Documents\GitHub\Tema1EGC\lab2\Debug\link.7036-cvtres.write.1.tlog
C:\Users\Cristina\Documents\GitHub\Tema1EGC\lab2\Debug\link.7036-rc.read.1.tlog
C:\Users\Cristina\Documents\GitHub\Tema1EGC\lab2\Debug\link.7036-rc.write.1.tlog
C:\Users\Cristina\Documents\GitHub\Tema1EGC\lab2\Debug\link.7036.read.1.tlog
C:\Users\Cristina\Documents\GitHub\Tema1EGC\lab2\Debug\link.7036.write.1.tlog
C:\Users\Cristina\Documents\GitHub\Tema1EGC\lab2\Debug\link.command.1.tlog
C:\Users\Cristina\Documents\GitHub\Tema1EGC\lab2\Debug\link.read.1.tlog
C:\Users\Cristina\Documents\GitHub\Tema1EGC\lab2\Debug\link.write.1.tlog
C:\Users\Cristina\Documents\GitHub\Tema1EGC\lab2\Debug\vc110.idb
C:\Users\Cristina\Documents\GitHub\Tema1EGC\lab2\Debug\vc110.pdb
C:\Users\Cristina\Documents\GitHub\Tema1EGC\Debug\Tema1EGC.pdb
C:\Users\Cristina\Documents\GitHub\Tema1EGC\Debug\Tema1EGC.exe
C:\Users\Cristina\Documents\GitHub\Tema1EGC\Debug\Tema1EGC.ilk
